<?xml version="1.0" encoding="UTF-8"?>
<!-- Generated by org.testng.reporters.JUnitReportReporter -->
<testsuite hostname="LAPTOP-DRUEEPMS" failures="0" tests="1" name="toolsQA.Tools" time="71.930" errors="0" timestamp="2023-01-04T13:04:05 PST" skipped="0">
  <testcase classname="toolsQA.Tools" name="toolsqa" time="71.930"/>
</testsuite> <!-- toolsQA.Tools -->
